yarn run v1.22.19
$ storybook build --output-dir /var/folders/l7/2ddcs22j4yv2ysb1fq01pkb40000gn/T/chromatic--80016-J7hdvG3fHF6H
@storybook/cli v7.0.6

info => Cleaning outputDir: /var/folders/l7/2ddcs22j4yv2ysb1fq01pkb40000gn/T/chromatic--80016-J7hdvG3fHF6H
info => Loading presets
info => Building manager..
info => Manager built (77 ms)
info => Copying static files: /Users/leahsohn/Projects/taskbox/node_modules/@storybook/manager/static at /var/folders/l7/2ddcs22j4yv2ysb1fq01pkb40000gn/T/chromatic--80016-J7hdvG3fHF6H/sb-common-assets
info => Copying static files: /Users/leahsohn/Projects/taskbox/public at /var/folders/l7/2ddcs22j4yv2ysb1fq01pkb40000gn/T/chromatic--80016-J7hdvG3fHF6H/
vite v4.2.2 building for production...

./sb-common-assets/fonts.css doesn't exist at build time, it will remain unchanged to be resolved at runtime
transforming...
Use of eval in "node_modules/telejson/dist/index.mjs" is strongly discouraged as it poses security risks and may cause issues with minification.
Use of eval in "node_modules/telejson/dist/index.mjs" is strongly discouraged as it poses security risks and may cause issues with minification.
✓ 1670 modules transformed.
rendering chunks...
warnings when minifying css:
▲ [WARNING] CSS nesting syntax is not supported in the configured target environment ("chrome87", "edge88", "es2020", "firefox78", "safari14") [unsupported-css-nesting]

    <stdin>:36:2:
      36 │   *vertical-align: middle;
         ╵   ^


▲ [WARNING] Expected identifier but found whitespace [css-syntax-error]

    <stdin>:36:18:
      36 │   *vertical-align: middle;
         ╵                   ^


▲ [WARNING] Unexpected ";" [css-syntax-error]

    <stdin>:36:25:
      36 │   *vertical-align: middle;
         ╵                          ^


computing gzip size...
../../../../var/folders/l7/2ddcs22j4yv2ysb1fq01pkb40000gn/T/chromatic--80016-J7hdvG3fHF6H/iframe.html                                          12.58 kB
../../../../var/folders/l7/2ddcs22j4yv2ysb1fq01pkb40000gn/T/chromatic--80016-J7hdvG3fHF6H/assets/percolate-dac75269.ttf                        34.04 kB
../../../../var/folders/l7/2ddcs22j4yv2ysb1fq01pkb40000gn/T/chromatic--80016-J7hdvG3fHF6H/assets/percolate-ec979d96.woff                       34.11 kB
../../../../var/folders/l7/2ddcs22j4yv2ysb1fq01pkb40000gn/T/chromatic--80016-J7hdvG3fHF6H/assets/percolate-5ed633c2.eot                        34.21 kB
../../../../var/folders/l7/2ddcs22j4yv2ysb1fq01pkb40000gn/T/chromatic--80016-J7hdvG3fHF6H/assets/percolate-d13fa91b.svg                       140.51 kB
../../../../var/folders/l7/2ddcs22j4yv2ysb1fq01pkb40000gn/T/chromatic--80016-J7hdvG3fHF6H/assets/preview-7623e708.css                           6.91 kB │ gzip:   2.07 kB
../../../../var/folders/l7/2ddcs22j4yv2ysb1fq01pkb40000gn/T/chromatic--80016-J7hdvG3fHF6H/assets/index-d475d2ea.js                              0.21 kB │ gzip:   0.17 kB │ map:     0.82 kB
../../../../var/folders/l7/2ddcs22j4yv2ysb1fq01pkb40000gn/T/chromatic--80016-J7hdvG3fHF6H/assets/_commonjs-dynamic-modules-302442b1.js          0.30 kB │ gzip:   0.24 kB │ map:     0.12 kB
../../../../var/folders/l7/2ddcs22j4yv2ysb1fq01pkb40000gn/T/chromatic--80016-J7hdvG3fHF6H/assets/WithTooltip-FBT32F6Q-f9c421d1.js               0.55 kB │ gzip:   0.32 kB │ map:     0.11 kB
../../../../var/folders/l7/2ddcs22j4yv2ysb1fq01pkb40000gn/T/chromatic--80016-J7hdvG3fHF6H/assets/syntaxhighlighter-QTQ2UBB4-e80b8eb8.js         0.57 kB │ gzip:   0.35 kB │ map:     0.12 kB
../../../../var/folders/l7/2ddcs22j4yv2ysb1fq01pkb40000gn/T/chromatic--80016-J7hdvG3fHF6H/assets/index-6d7aa4ee.js                              0.62 kB │ gzip:   0.38 kB │ map:     4.27 kB
../../../../var/folders/l7/2ddcs22j4yv2ysb1fq01pkb40000gn/T/chromatic--80016-J7hdvG3fHF6H/assets/preview-0435c720.js                            0.69 kB │ gzip:   0.49 kB │ map:     3.80 kB
../../../../var/folders/l7/2ddcs22j4yv2ysb1fq01pkb40000gn/T/chromatic--80016-J7hdvG3fHF6H/assets/_commonjsHelpers-042e6b4d.js                   0.78 kB │ gzip:   0.44 kB │ map:     0.11 kB
../../../../var/folders/l7/2ddcs22j4yv2ysb1fq01pkb40000gn/T/chromatic--80016-J7hdvG3fHF6H/assets/index-4d501b15.js                              0.80 kB │ gzip:   0.52 kB │ map:     4.08 kB
../../../../var/folders/l7/2ddcs22j4yv2ysb1fq01pkb40000gn/T/chromatic--80016-J7hdvG3fHF6H/assets/index-356e4a49.js                              0.81 kB │ gzip:   0.51 kB │ map:     3.25 kB
../../../../var/folders/l7/2ddcs22j4yv2ysb1fq01pkb40000gn/T/chromatic--80016-J7hdvG3fHF6H/assets/preview-5ff05674.js                            0.83 kB │ gzip:   0.49 kB │ map:     1.24 kB
../../../../var/folders/l7/2ddcs22j4yv2ysb1fq01pkb40000gn/T/chromatic--80016-J7hdvG3fHF6H/assets/preview-b1164a2e.js                            0.88 kB │ gzip:   0.58 kB │ map:     2.80 kB
../../../../var/folders/l7/2ddcs22j4yv2ysb1fq01pkb40000gn/T/chromatic--80016-J7hdvG3fHF6H/assets/preview-44aee783.js                            1.06 kB │ gzip:   0.69 kB │ map:     3.12 kB
../../../../var/folders/l7/2ddcs22j4yv2ysb1fq01pkb40000gn/T/chromatic--80016-J7hdvG3fHF6H/assets/preview-bb5acd95.js                            2.38 kB │ gzip:   1.26 kB │ map:    10.26 kB
../../../../var/folders/l7/2ddcs22j4yv2ysb1fq01pkb40000gn/T/chromatic--80016-J7hdvG3fHF6H/assets/index-d37d4223.js                              2.63 kB │ gzip:   1.30 kB │ map:     7.46 kB
../../../../var/folders/l7/2ddcs22j4yv2ysb1fq01pkb40000gn/T/chromatic--80016-J7hdvG3fHF6H/assets/preview-f96f0111.js                            3.29 kB │ gzip:   1.41 kB │ map:    10.08 kB
../../../../var/folders/l7/2ddcs22j4yv2ysb1fq01pkb40000gn/T/chromatic--80016-J7hdvG3fHF6H/assets/Task.stories-89f25132.js                       3.75 kB │ gzip:   1.60 kB │ map:     5.42 kB
../../../../var/folders/l7/2ddcs22j4yv2ysb1fq01pkb40000gn/T/chromatic--80016-J7hdvG3fHF6H/assets/preview-2a930295.js                            3.78 kB │ gzip:   1.80 kB │ map:    14.53 kB
../../../../var/folders/l7/2ddcs22j4yv2ysb1fq01pkb40000gn/T/chromatic--80016-J7hdvG3fHF6H/assets/iframe-2fc4478f.js                             4.92 kB │ gzip:   1.72 kB │ map:     5.54 kB
../../../../var/folders/l7/2ddcs22j4yv2ysb1fq01pkb40000gn/T/chromatic--80016-J7hdvG3fHF6H/assets/index-f1f749bf.js                              7.25 kB │ gzip:   2.96 kB │ map:    15.68 kB
../../../../var/folders/l7/2ddcs22j4yv2ysb1fq01pkb40000gn/T/chromatic--80016-J7hdvG3fHF6H/assets/preview-62235626.js                            7.69 kB │ gzip:   1.60 kB │ map:    13.69 kB
../../../../var/folders/l7/2ddcs22j4yv2ysb1fq01pkb40000gn/T/chromatic--80016-J7hdvG3fHF6H/assets/preview-e6f1f377.js                            7.97 kB │ gzip:   3.03 kB │ map:    28.17 kB
../../../../var/folders/l7/2ddcs22j4yv2ysb1fq01pkb40000gn/T/chromatic--80016-J7hdvG3fHF6H/assets/index-078d3f98.js                             10.06 kB │ gzip:   3.66 kB │ map:    26.47 kB
../../../../var/folders/l7/2ddcs22j4yv2ysb1fq01pkb40000gn/T/chromatic--80016-J7hdvG3fHF6H/assets/GlobalScrollAreaStyles-XIHNDKUY-51551bb4.js   10.53 kB │ gzip:   2.40 kB │ map:    15.70 kB
../../../../var/folders/l7/2ddcs22j4yv2ysb1fq01pkb40000gn/T/chromatic--80016-J7hdvG3fHF6H/assets/preview-8e084d2f.js                           11.13 kB │ gzip:   3.76 kB │ map:    41.76 kB
../../../../var/folders/l7/2ddcs22j4yv2ysb1fq01pkb40000gn/T/chromatic--80016-J7hdvG3fHF6H/assets/Color-3YIJY6X7-5c74f6b2.js                    31.11 kB │ gzip:  11.69 kB │ map:   112.40 kB
../../../../var/folders/l7/2ddcs22j4yv2ysb1fq01pkb40000gn/T/chromatic--80016-J7hdvG3fHF6H/assets/TaskList.stories-c9f51b35.js                  40.52 kB │ gzip:  13.99 kB │ map:   239.45 kB
../../../../var/folders/l7/2ddcs22j4yv2ysb1fq01pkb40000gn/T/chromatic--80016-J7hdvG3fHF6H/assets/OverlayScrollbars-VAV6LJAB-49437238.js        59.11 kB │ gzip:  25.35 kB │ map:   277.20 kB
../../../../var/folders/l7/2ddcs22j4yv2ysb1fq01pkb40000gn/T/chromatic--80016-J7hdvG3fHF6H/assets/_getPrototype-ad889add.js                     78.82 kB │ gzip:  23.65 kB │ map:   325.08 kB
../../../../var/folders/l7/2ddcs22j4yv2ysb1fq01pkb40000gn/T/chromatic--80016-J7hdvG3fHF6H/assets/index-96c5f47c.js                            134.19 kB │ gzip:  43.27 kB │ map:   326.68 kB
../../../../var/folders/l7/2ddcs22j4yv2ysb1fq01pkb40000gn/T/chromatic--80016-J7hdvG3fHF6H/assets/config-c5897f1e.js                           213.66 kB │ gzip:  66.40 kB │ map:   802.62 kB
../../../../var/folders/l7/2ddcs22j4yv2ysb1fq01pkb40000gn/T/chromatic--80016-J7hdvG3fHF6H/assets/InboxScreen.stories-85b0e5b2.js              258.24 kB │ gzip:  60.71 kB │ map:   920.80 kB
../../../../var/folders/l7/2ddcs22j4yv2ysb1fq01pkb40000gn/T/chromatic--80016-J7hdvG3fHF6H/assets/index-7fd7b4cd.js                            337.22 kB │ gzip:  99.43 kB │ map: 1,431.13 kB
../../../../var/folders/l7/2ddcs22j4yv2ysb1fq01pkb40000gn/T/chromatic--80016-J7hdvG3fHF6H/assets/DocsRenderer-7FRJXR4N-aa4fd51d.js            504.82 kB │ gzip: 166.17 kB │ map: 1,435.63 kB
../../../../var/folders/l7/2ddcs22j4yv2ysb1fq01pkb40000gn/T/chromatic--80016-J7hdvG3fHF6H/assets/axe-84f0fd51.js                              554.61 kB │ gzip: 151.95 kB │ map: 1,991.86 kB
../../../../var/folders/l7/2ddcs22j4yv2ysb1fq01pkb40000gn/T/chromatic--80016-J7hdvG3fHF6H/assets/formatter-S4K5WUZV-b3025cc7.js               601.76 kB │ gzip: 185.12 kB │ map: 1,315.96 kB

(!) Some chunks are larger than 500 kBs after minification. Consider:
- Using dynamic import() to code-split the application
- Use build.rollupOptions.output.manualChunks to improve chunking: https://rollupjs.org/configuration-options/#output-manualchunks
- Adjust chunk size limit for this warning via build.chunkSizeWarningLimit.
✓ built in 5.13s
info => Output directory: /var/folders/l7/2ddcs22j4yv2ysb1fq01pkb40000gn/T/chromatic--80016-J7hdvG3fHF6H
Done in 6.79s.
